<?xml version="1.0" encoding="UTF-8"?>
<!-- Generated by org.testng.reporters.JUnitReportReporter -->
<testsuite hostname="LP-5CG04119Z4" failures="0" tests="1" name="ContactPage" time="1.163" errors="0" timestamp="2022-03-02T09:04:09 IST" skipped="0">
  <testcase classname="ContactPage" name="testmethod1" time="1.163"/>
  <system-out/>
</testsuite> <!-- ContactPage -->
