<?xml version="1.0" encoding="UTF-8"?>
<!-- Generated by org.testng.reporters.JUnitReportReporter -->
<testsuite hostname="LP-5CG04119Z4" failures="0" tests="1" name="HomePage" time="4.589" errors="0" timestamp="2022-03-02T09:04:09 IST" skipped="0">
  <testcase classname="HomePage" name="test1" time="4.589"/>
  <system-out/>
</testsuite> <!-- HomePage -->
