<?xml version="1.0" encoding="UTF-8"?>
<!-- Generated by org.testng.reporters.JUnitReportReporter -->
<testsuite hostname="LP-5CG04119Z4" failures="0" tests="2" name="LoginPage" time="5.156" errors="0" timestamp="2022-03-02T09:04:09 IST" skipped="0">
  <testcase classname="LoginPage" name="test" time="1.793"/>
  <system-out/>
  <testcase classname="LoginPage" name="test1" time="3.363"/>
  <system-out/>
</testsuite> <!-- LoginPage -->
