<?xml version="1.0" encoding="UTF-8"?>
<!-- Generated by org.testng.reporters.JUnitReportReporter -->
<testsuite hostname="LP-5CG04119Z4" failures="0" tests="2" name="SignupPage" time="5.643" errors="0" timestamp="2022-03-02T09:04:09 IST" skipped="0">
  <testcase classname="SignupPage" name="test" time="2.216"/>
  <system-out/>
  <testcase classname="SignupPage" name="test1" time="3.427"/>
  <system-out/>
</testsuite> <!-- SignupPage -->
